* using log directory 'C:/Users/jjjn/Documents/shinyr/shinyr.Rcheck'
* using R version 3.6.1 (2019-07-05)
* using platform: x86_64-w64-mingw32 (64-bit)
* using session charset: ISO8859-1
* using option '--as-cran'
* checking for file 'shinyr/DESCRIPTION' ... OK
* checking extension type ... Package
* this is package 'shinyr' version '0.2'
* package encoding: UTF-8
* checking CRAN incoming feasibility ... NOTE
Maintainer: 'The package maintainer <itsjay510@gmail.com>'

New submission

Found the following (possibly) invalid URLs:
  URL: https://github.com/rpushker/shinyr
    From: DESCRIPTION
    Status: 404
    Message: Not Found

The Title field should be in title case. Current version is:
'Easy insights through your data'
In title case that is:
'Easy Insights Through your Data'

The Description field should start with a capital letter.
* checking package namespace information ... OK
* checking package dependencies ... OK
* checking if this is a source package ... OK
* checking if there is a namespace ... OK
* checking for executable files ... OK
* checking for hidden files and directories ... OK
* checking for portable file names ... OK
* checking serialization versions ... OK
* checking whether package 'shinyr' can be installed ... OK
* checking installed package size ... OK
* checking package directory ... OK
* checking for future file timestamps ... OK
* checking DESCRIPTION meta-information ... NOTE
Maintainer field differs from that derived from Authors@R
  Maintainer: 'The package maintainer <itsjay510@gmail.com>'
  Authors@R:  'Jayachandra N <itsjay510@gmail.com>'

* checking top-level files ... NOTE
Files 'README.md' or 'NEWS.md' cannot be checked without 'pandoc' being installed.
* checking for left-over files ... OK
* checking index information ... OK
* checking package subdirectories ... OK
* checking R files for non-ASCII characters ... OK
* checking R files for syntax errors ... OK
* checking whether the package can be loaded ... OK
* checking whether the package can be loaded with stated dependencies ... OK
* checking whether the package can be unloaded cleanly ... OK
* checking whether the namespace can be loaded with stated dependencies ... OK
* checking whether the namespace can be unloaded cleanly ... OK
* checking use of S3 registration ... OK
* checking dependencies in R code ... OK
* checking S3 generic/method consistency ... OK
* checking replacement functions ... OK
* checking foreign function calls ... OK
* checking R code for possible problems ... OK
* checking Rd files ... OK
* checking Rd metadata ... OK
* checking Rd line widths ... OK
* checking Rd cross-references ... OK
* checking for missing documentation entries ... OK
* checking for code/documentation mismatches ... OK
* checking Rd \usage sections ... OK
* checking Rd contents ... OK
* checking for unstated dependencies in examples ... OK
* checking files in 'vignettes' ... WARNING
Files in the 'vignettes' directory but no files in 'inst/doc':
  'how_simple_is_data_analysis_with_shinyr.Rmd',
    'how_simple_is_data_analysis_with_shinyr.html', 'shiny_app.Rmd',
    'shinyr_function_usage.Rmd', 'shinyr_function_usage.html',
    'shinyr_function_usage.md'
Package has no Sweave vignette sources and no VignetteBuilder field.
* checking examples ... OK
* checking for unstated dependencies in 'tests' ... OK
* checking tests ... OK
  Running 'testthat.R'
* checking PDF version of manual ... WARNING
LaTeX errors when creating PDF version.
This typically indicates Rd problems.
* checking PDF version of manual without hyperrefs or index ... ERROR
Re-running with no redirection of stdout/stderr.
* DONE
Status: 1 ERROR, 2 WARNINGs, 3 NOTEs
